<?xml version='1.0' encoding='UTF-8'?>
<gupdate xmlns='http://www.google.com/update2/response' protocol='2.0'>
  <app appid='kpoenjclohjdooogoebngneeddjadbhg'>
    <updatecheck codebase='https://cookie-manager-updates.amelianatasha3.repl.co/releases/cookie-manager-v1.0.0.zip' version='1.0.0' />
  </app>
</gupdate> 